Cleaning output directory (./../../xiaomi/mt6895-common/../../../vendor/xiaomi/mt6895-common/proprietary)..
Extracting 462 files in ./../../xiaomi/mt6895-common/proprietary-files.txt from /media/invalidname/HGST/dumps/dumper/extract/system:
  - system_ext/bin/vtservice
  - system_ext/etc/init/init.vtservice.rc
    + Fixed up system_ext/etc/init/init.vtservice.rc
  - system_ext/lib64/libcomutils.so
  - system_ext/lib64/libimsma.so
  - system_ext/lib64/libimsma_adapt.so
  - system_ext/lib64/libimsma_rtp.so
  - system_ext/lib64/libimsma_socketwrapper.so
  - system_ext/lib64/libmtk_vt_service.so
  - system_ext/lib64/libmtk_vt_wrapper.so
  - system_ext/lib64/libsignal.so
  - system_ext/lib64/libsink.so
    + Fixed up system_ext/lib64/libsink.so
  - system_ext/lib64/libsource.so
    + Fixed up system_ext/lib64/libsource.so
  - system_ext/lib64/libvcodec_cap.so
  - system_ext/lib64/libvcodec_capenc.so
  - system_ext/lib64/libvt_avsync.so
  - system_ext/lib64/vendor.mediatek.hardware.videotelephony-V1-ndk.so
  - system_ext/lib64/vendor.mediatek.hardware.videotelephony@1.0.so
  - vendor/bin/ccci_mdinit
  - vendor/bin/ccci_rpcd
  - vendor/bin/chipinfo
  - vendor/bin/conninfra_loader
  - vendor/bin/hw/android.hardware.bluetooth@1.1-service-mediatek
  - vendor/bin/hw/android.hardware.drm@1.4-service.widevine
  - vendor/bin/hw/android.hardware.gnss-service.mediatek
  - vendor/bin/hw/android.hardware.media.c2@1.2-mediatek-64b
    + Fixed up vendor/bin/hw/android.hardware.media.c2@1.2-mediatek-64b
  - vendor/bin/hw/android.hardware.neuralnetworks-shim-service-mtk
  - vendor/bin/hw/android.hardware.secure_element@1.2-service-mediatek
  - vendor/bin/hw/mt6895/android.hardware.graphics.allocator@4.0-service-mediatek.mt6895
  - vendor/bin/hw/mtkfusionrild
  - vendor/bin/hw/tetheroffloadservice
  - vendor/bin/hw/vendor.mediatek.hardware.mmagent@1.1-service
  - vendor/bin/hw/vendor.mediatek.hardware.mms@1.6-service
  - vendor/bin/hw/vendor.mediatek.hardware.nvram@1.1-service
  - vendor/bin/hw/vendor.mediatek.hardware.pq@2.2-service
  - vendor/bin/hw/vtservice_hidl
  - vendor/bin/mnld
    + Fixed up vendor/bin/mnld
  - vendor/bin/mtk_agpsd
  - vendor/bin/netdagent
  - vendor/bin/nvram_daemon
  - vendor/bin/wlan_assistant
  - vendor/etc/audio_param/AudioParamOptions_mgvi.xml
  - vendor/etc/audio_param/BtInfo_AudioParam.xml
  - vendor/etc/audio_param/BtInfo_ParamUnitDesc.xml
  - vendor/etc/audio_param/HpImpedance_AudioParam.xml
  - vendor/etc/audio_param/HpImpedance_ParamUnitDesc.xml
  - vendor/etc/audio_param/MicInfo_AudioParam.xml
  - vendor/etc/audio_param/MicInfo_ParamUnitDesc.xml
  - vendor/etc/audio_param/PlaybackACF_AudioParam.xml
  - vendor/etc/audio_param/PlaybackACF_ParamUnitDesc.xml
  - vendor/etc/audio_param/PlaybackDRC_AudioParam.xml
  - vendor/etc/audio_param/PlaybackDRC_ParamUnitDesc.xml
  - vendor/etc/audio_param/PlaybackHCF_AudioParam.xml
  - vendor/etc/audio_param/PlaybackHCF_ParamUnitDesc.xml
  - vendor/etc/audio_param/PlaybackVolAna_ParamUnitDesc.xml
  - vendor/etc/audio_param/PlaybackVolDigi_ParamUnitDesc.xml
  - vendor/etc/audio_param/PlaybackVolUI_AudioParam.xml
  - vendor/etc/audio_param/PlaybackVolUI_ParamUnitDesc.xml
  - vendor/etc/audio_param/Playback_AudioParam.xml
  - vendor/etc/audio_param/Playback_ParamTreeView.xml
  - vendor/etc/audio_param/Playback_ParamUnitDesc.xml
  - vendor/etc/audio_param/RecordDMNR_AudioParam.xml
  - vendor/etc/audio_param/RecordDMNR_ParamUnitDesc.xml
  - vendor/etc/audio_param/RecordFIR_ParamUnitDesc.xml
  - vendor/etc/audio_param/RecordUI_AudioParam.xml
  - vendor/etc/audio_param/RecordUI_ParamUnitDesc.xml
  - vendor/etc/audio_param/RecordVolUI_AudioParam.xml
  - vendor/etc/audio_param/Record_ParamTreeView.xml
  - vendor/etc/audio_param/RingbackVolUI_AudioParam.xml
  - vendor/etc/audio_param/RingbackVolUI_ParamUnitDesc.xml
  - vendor/etc/audio_param/RingbackVol_ParamUnitDesc.xml
  - vendor/etc/audio_param/SoundEnhancement_AudioParam.xml
  - vendor/etc/audio_param/SoundEnhancement_ParamUnitDesc.xml
  - vendor/etc/audio_param/SpeechDMNR_AudioParam.xml
  - vendor/etc/audio_param/SpeechDMNR_ParamUnitDesc.xml
  - vendor/etc/audio_param/SpeechEchoRef_AudioParam.xml
  - vendor/etc/audio_param/SpeechEchoRef_ParamUnitDesc.xml
  - vendor/etc/audio_param/SpeechGeneral_ParamUnitDesc.xml
  - vendor/etc/audio_param/SpeechMagiClarity_AudioParam.xml
  - vendor/etc/audio_param/SpeechMagiClarity_ParamUnitDesc.xml
  - vendor/etc/audio_param/SpeechNetwork_AudioParam.xml
  - vendor/etc/audio_param/SpeechNetwork_ParamUnitDesc.xml
  - vendor/etc/audio_param/SpeechUI_AudioParam.xml
  - vendor/etc/audio_param/SpeechUI_ParamUnitDesc.xml
  - vendor/etc/audio_param/SpeechVolUI_AudioParam.xml
  - vendor/etc/audio_param/SpeechVolUI_ParamUnitDesc.xml
  - vendor/etc/audio_param/SpeechVol_ParamUnitDesc.xml
  - vendor/etc/audio_param/Speech_AudioParam.xml
  - vendor/etc/audio_param/Speech_ParamTreeView.xml
  - vendor/etc/audio_param/Speech_ParamUnitDesc.xml
  - vendor/etc/audio_param/USBCall_AudioParam.xml
  - vendor/etc/audio_param/USBCall_ParamUnitDesc.xml
  - vendor/etc/audio_param/USBDevice_AudioParam.xml
  - vendor/etc/audio_param/USBDevice_ParamUnitDesc.xml
  - vendor/etc/audio_param/Ultrasound_AudioParam.xml
  - vendor/etc/audio_param/Ultrasound_ParamUnitDesc.xml
  - vendor/etc/audio_param/UplinkConfiguration_AudioParam.xml
  - vendor/etc/audio_param/UplinkConfiguration_ParamUnitDesc.xml
  - vendor/etc/audio_param/VoIPDMNR_AudioParam.xml
  - vendor/etc/audio_param/VoIPDMNR_ParamUnitDesc.xml
  - vendor/etc/audio_param/VoIPGeneral_AudioParam.xml
  - vendor/etc/audio_param/VoIPGeneral_ParamUnitDesc.xml
  - vendor/etc/audio_param/VoIPUI_AudioParam.xml
  - vendor/etc/audio_param/VoIPUI_ParamUnitDesc.xml
  - vendor/etc/audio_param/VoIPVolUI_AudioParam.xml
  - vendor/etc/audio_param/VoIPVolUI_ParamUnitDesc.xml
  - vendor/etc/audio_param/VoIPVol_ParamUnitDesc.xml
  - vendor/etc/audio_param/VoIP_AudioParam.xml
  - vendor/etc/audio_param/VoIP_ParamTreeView.xml
  - vendor/etc/audio_param/VoIP_ParamUnitDesc.xml
  - vendor/etc/audio_param/VoIPv2DMNR_AudioParam.xml
  - vendor/etc/audio_param/VoIPv2DMNR_ParamUnitDesc.xml
  - vendor/etc/audio_param/VoIPv2General_AudioParam.xml
  - vendor/etc/audio_param/VoIPv2General_ParamUnitDesc.xml
  - vendor/etc/audio_param/VoIPv2UI_AudioParam.xml
  - vendor/etc/audio_param/VoIPv2UI_ParamUnitDesc.xml
  - vendor/etc/audio_param/VoIPv2_ParamTreeView.xml
  - vendor/etc/audio_param/VoIPv2_ParamUnitDesc.xml
  - vendor/etc/audio_param/VoWDspAec_ParamUnitDesc.xml
  - vendor/etc/audio_param/VoWEngineFeature_ParamUnitDesc.xml
  - vendor/etc/audio_param/VoWHwVad_AudioParam.xml
  - vendor/etc/audio_param/VoWHwVad_ParamUnitDesc.xml
  - vendor/etc/audio_param/VoWMicSetting_AudioParam.xml
  - vendor/etc/audio_param/VoWMicSetting_ParamUnitDesc.xml
  - vendor/etc/audio_param/VoWVoiceCommand_ParamUnitDesc.xml
  - vendor/etc/audio_param/VolumeGainMapUL_AudioParam.xml
  - vendor/etc/audio_param/VolumeGainMapUL_ParamUnitDesc.xml
  - vendor/etc/audio_param/VolumeGainMap_AudioParam.xml
  - vendor/etc/audio_param/VolumeGainMap_ParamUnitDesc.xml
  - vendor/etc/audio_param/Volume_AudioParam.xml
  - vendor/etc/audio_param/Volume_ParamUnitDesc.xml
  - vendor/etc/ecc_list.xml
  - vendor/etc/ecc_list_OP01.xml
  - vendor/etc/ecc_list_OP02.xml
  - vendor/etc/ecc_list_OP09.xml
  - vendor/etc/ecc_list_OP12.xml
  - vendor/etc/ecc_list_OP17.xml
  - vendor/etc/ecc_list_OP18.xml
  - vendor/etc/ecc_list_OP20.xml
  - vendor/etc/ecc_list_OP236.xml
  - vendor/etc/ecc_list_preference.xml
  - vendor/etc/gnss/agps_profiles_conf2.xml
  - vendor/etc/gnss/carrier/agps_profiles_conf2_carrier_ATnT_Mexico.xml
  - vendor/etc/gnss/carrier/agps_profiles_conf2_carrier_ATnT_US.xml
  - vendor/etc/gnss/carrier/agps_profiles_conf2_carrier_CMCC.xml
  - vendor/etc/gnss/carrier/agps_profiles_conf2_carrier_CT.xml
  - vendor/etc/gnss/carrier/agps_profiles_conf2_carrier_CU.xml
  - vendor/etc/gnss/carrier/agps_profiles_conf2_carrier_Claro_Colombia.xml
  - vendor/etc/gnss/carrier/agps_profiles_conf2_carrier_Claro_Peru.xml
  - vendor/etc/gnss/carrier/agps_profiles_conf2_carrier_Entel_Peru.xml
  - vendor/etc/gnss/carrier/agps_profiles_conf2_carrier_KDDI.xml
  - vendor/etc/gnss/carrier/agps_profiles_conf2_carrier_SK_Telecom.xml
  - vendor/etc/gnss/carrier/agps_profiles_conf2_carrier_SoftBank.xml
  - vendor/etc/gnss/carrier/agps_profiles_conf2_carrier_Sprint.xml
  - vendor/etc/gnss/carrier/agps_profiles_conf2_carrier_T-Mobile_US.xml
  - vendor/etc/gnss/carrier/agps_profiles_conf2_carrier_Test_SIM1.xml
  - vendor/etc/gnss/carrier/agps_profiles_conf2_carrier_Test_SIM2.xml
  - vendor/etc/gnss/carrier/agps_profiles_conf2_carrier_Verizon_Wireless.xml
  - vendor/etc/init/android.hardware.bluetooth@1.1-service-mediatek.rc
  - vendor/etc/init/android.hardware.drm@1.4-service.widevine.rc
  - vendor/etc/init/android.hardware.gnss-service.mediatek.rc
  - vendor/etc/init/android.hardware.graphics.allocator@4.0-service-mediatek.rc
  - vendor/etc/init/android.hardware.media.c2@1.2-mediatek-64b.rc
  - vendor/etc/init/android.hardware.neuralnetworks-shim-service-mtk.rc
    + Fixed up vendor/etc/init/android.hardware.neuralnetworks-shim-service-mtk.rc
  - vendor/etc/init/android.hardware.secure_element@1.2-service-mediatek.rc
  - vendor/etc/init/chipinfo_init.rc
  - vendor/etc/init/init.bt_drv.rc
  - vendor/etc/init/init.cccimdinit.rc
  - vendor/etc/init/init.cccirpcd.rc
  - vendor/etc/init/init.connfem.rc
  - vendor/etc/init/init.conninfra.rc
  - vendor/etc/init/init.gps_drv.rc
  - vendor/etc/init/init.gps_pwr.rc
  - vendor/etc/init/init.gps_scp.rc
  - vendor/etc/init/init.vtservice_hidl.rc
  - vendor/etc/init/init.wlan_drv.rc
  - vendor/etc/init/mtk_agpsd_p.rc
  - vendor/etc/init/mtkrild.rc
  - vendor/etc/init/muxreport.rc
  - vendor/etc/init/netdagent.rc
  - vendor/etc/init/nvram_daemon.rc
  - vendor/etc/init/tetheroffloadservice.rc
  - vendor/etc/init/vendor.mediatek.hardware.mmagent@1.1-service.rc
  - vendor/etc/init/vendor.mediatek.hardware.mms@1.6-service.rc
  - vendor/etc/init/vendor.mediatek.hardware.nvram@1.1-sevice.rc
  - vendor/etc/init/vendor.mediatek.hardware.pq@2.2-service.rc
  - vendor/etc/init/wlan_assistant.rc
  - vendor/etc/nnapi_powerhal.json
  - vendor/etc/slp_conf
  - vendor/etc/special_pws_channel.xml
  - vendor/etc/vendor-apns-conf.xml
  - vendor/etc/virtual-spn-conf-by-efgid1.xml
  - vendor/etc/virtual-spn-conf-by-efpnn.xml
  - vendor/etc/virtual-spn-conf-by-efspn.xml
  - vendor/etc/virtual-spn-conf-by-imsi.xml
  - vendor/etc/wifi/passpointProfile.conf
  - vendor/firmware/BT_FW.cfg
  - vendor/firmware/WIFI_RAM_CODE_soc7_0_1b_t_1.bin
  - vendor/firmware/conninfra.cfg
  - vendor/firmware/mali_csffw.bin
  - vendor/firmware/mali_csffw_reload.bin
  - vendor/firmware/remoteproc_scp
  - vendor/firmware/soc7_0_ram_bt_1b_t_1_hdr.bin
  - vendor/firmware/soc7_0_ram_mcu_1b_t_1_hdr.bin
  - vendor/firmware/soc7_0_ram_wmmcu_1b_t_1_hdr.bin
  - vendor/lib/egl/egl.cfg
  - vendor/lib64/APUWareApusysServer.so
  - vendor/lib64/APUWareHmpServer.so
  - vendor/lib64/APUWareUtilsServer.so
  - vendor/lib64/egl/libGLES_meow.so
  - vendor/lib64/egl/libMEOW_data.so
  - vendor/lib64/egl/libMEOW_gift.so
  - vendor/lib64/egl/libMEOW_qt.so
  - vendor/lib64/egl/libMEOW_trace.so
  - vendor/lib64/egl/mt6895/libGLES_mali.so
  - vendor/lib64/hw/android.hardware.bluetooth@1.1-impl-mediatek.so
  - vendor/lib64/hw/android.hardware.gnss-impl-mediatek.so
  - vendor/lib64/hw/android.hardware.gnss@2.1-impl-mediatek.so
  - vendor/lib64/hw/audio.r_submix.mediatek.so
  - vendor/lib64/hw/consumerir.common.so
  - vendor/lib64/hw/gps.default.so
  - vendor/lib64/hw/hwcomposer.mtk_common.so
  - vendor/lib64/hw/mt6895/android.hardware.graphics.allocator@4.0-impl-mediatek.so
  - vendor/lib64/hw/mt6895/android.hardware.graphics.mapper@4.0-impl-mediatek.so
  - vendor/lib64/hw/mt6895/gralloc.common.so
  - vendor/lib64/hw/mt6895/vendor.mediatek.hardware.pq@2.15-impl.so
    + Fixed up vendor/lib64/hw/mt6895/vendor.mediatek.hardware.pq@2.15-impl.so
  - vendor/lib64/hw/mt6895/vulkan.mali.so
  - vendor/lib64/hw/sound_trigger.primary.default.so
  - vendor/lib64/hw/vendor.mediatek.hardware.mms@1.6-impl.so
  - vendor/lib64/hw/vendor.mediatek.hardware.nvram@1.1-impl.so
  - vendor/lib64/hw/vendor.mediatek.hardware.videotelephony@1.0-impl.so
  - vendor/lib64/libDefaultFpsActor.so
  - vendor/lib64/libFrameRecord.so
  - vendor/lib64/libJpgEncPipe.so
  - vendor/lib64/libMtkSpeechEnh.so
  - vendor/lib64/libNoFpsActor.so
  - vendor/lib64/lib_iir.so
  - vendor/lib64/lib_speech_enh.so
  - vendor/lib64/libaal_cust.so
  - vendor/lib64/libaal_key.so
  - vendor/lib64/libaal_mtk.so
  - vendor/lib64/libaedv.so
  - vendor/lib64/libalsautils-v31.so
  - vendor/lib64/libapu_mdw.so
  - vendor/lib64/libapu_mdw_batch.so
  - vendor/lib64/libapusys.so
  - vendor/lib64/libapusys_edma.so
  - vendor/lib64/libarmnn.so
  - vendor/lib64/libarmnn_ndk.mtk.vndk.so
  - vendor/lib64/libaudiocompensationfilter_vendor.so
  - vendor/lib64/libaudiocompensationfilterc.so
  - vendor/lib64/libaudiocomponentengine_vendor.so
  - vendor/lib64/libaudiocomponentenginec.so
  - vendor/lib64/libaudiocustparam_vendor.so
  - vendor/lib64/libaudiodcrflt_vendor.so
  - vendor/lib64/libaudiofmtconv.so
  - vendor/lib64/libaudioloudc.so
  - vendor/lib64/libaudioprimarydevicehalifclient.so
  - vendor/lib64/libaudiotoolkit_vendor.so
  - vendor/lib64/libaurisysdemo.so
  - vendor/lib64/libbessound_hd_mtk_vendor.so
  - vendor/lib64/libblisrc32_vendor.so
  - vendor/lib64/libbluetooth_mtk.so
  - vendor/lib64/libbluetooth_mtk_pure.so
  - vendor/lib64/libbt-vendor.so
  - vendor/lib64/libbwc.so
  - vendor/lib64/libcares_naptr.so
  - vendor/lib64/libcarrierconfig.so
  - vendor/lib64/libccci_util.so
  - vendor/lib64/libcmdl.so
  - vendor/lib64/libcmdl_ndk.mtk.vndk.so
  - vendor/lib64/libcodec2_mtk_c2store.so
  - vendor/lib64/libcodec2_mtk_vdec.so
  - vendor/lib64/libcodec2_mtk_venc.so
  - vendor/lib64/libcodec2_soft_mtk_alacdec.so
  - vendor/lib64/libcodec2_soft_mtk_apedec.so
  - vendor/lib64/libcodec2_soft_mtk_imaadpcmdec.so
  - vendor/lib64/libcodec2_soft_mtk_msadpcmdec.so
  - vendor/lib64/libcodec2_vpp_dolby_plugin.so
  - vendor/lib64/libcodec2_vpp_dump_mtk_yuv_plugin.so
  - vendor/lib64/libcodec2_vpp_gc_plugin.so
  - vendor/lib64/libcodec2_vpp_qt_plugin.so
  - vendor/lib64/libcodec2_vpp_rs_plugin.so
  - vendor/lib64/libcomposer_ext.so
  - vendor/lib64/libconnfem.so
  - vendor/lib64/libcustom_nvram.so
  - vendor/lib64/libcvsd_mtk.so
  - vendor/lib64/libdolbyeglplugin.so
  - vendor/lib64/libdolbyottcameracontrol.so
  - vendor/lib64/libdolbyplugin.so
  - vendor/lib64/libdre.so
  - vendor/lib64/libfile_op.so
  - vendor/lib64/libforkexecwrap.so
  - vendor/lib64/libformatter.so
  - vendor/lib64/libfvaudio.so
  - vendor/lib64/libged.so
  - vendor/lib64/libgpu_aux.so
  - vendor/lib64/libgpud.so
  - vendor/lib64/libgralloc_extra.so
  - vendor/lib64/libgralloc_metadata.so
  - vendor/lib64/libgralloctypes_mtk.so
  - vendor/lib64/libgwsdv2-ril.so
  - vendor/lib64/libgwsdv3-ril.so
  - vendor/lib64/libhfmanager.so
  - vendor/lib64/libhwm.so
  - vendor/lib64/libifcutils_mtk.so
  - vendor/lib64/libion_mtk.so
  - vendor/lib64/libion_ulit.so
  - vendor/lib64/libjpeg-alpha-oal_vendor.so
  - vendor/lib64/libjpeg-alpha_vendor.so
  - vendor/lib64/libksensor.so
  - vendor/lib64/libladder.so
  - vendor/lib64/libmipc.so
  - vendor/lib64/libmiresample.so
  - vendor/lib64/libmispowerop.so
  - vendor/lib64/libmmagent.so
  - vendor/lib64/libmml.so
  - vendor/lib64/libmnetlink_v104.so
  - vendor/lib64/libmsbc_mtk.so
  - vendor/lib64/libmtk-fusion-ril-prop-vsim.so
  - vendor/lib64/libmtk-ril.so
  - vendor/lib64/libmtkares.so
  - vendor/lib64/libmtkconfig.so
  - vendor/lib64/libmtkconfigutils.so
  - vendor/lib64/libmtkcutils.so
  - vendor/lib64/libmtkhardware_legacy.so
  - vendor/lib64/libmtklimiter_vendor.so
  - vendor/lib64/libmtkmipc-ril.so
  - vendor/lib64/libmtknetcap.so
  - vendor/lib64/libmtknetutils.so
  - vendor/lib64/libmtkproperty.so
  - vendor/lib64/libmtkrillog.so
  - vendor/lib64/libmtkrilutils.so
  - vendor/lib64/libmtkshifter_vendor.so
  - vendor/lib64/libmtksysutils.so
  - vendor/lib64/libmtktinyxml.so
  - vendor/lib64/libmtkutils.so
  - vendor/lib64/libmvpu_cic_ci_compiler.so
  - vendor/lib64/libmvpu_clc_cl_compiler.so
  - vendor/lib64/libmvpu_clc_mvpu_debuginfo.so
  - vendor/lib64/libmvpu_clc_mvpu_elf.so
  - vendor/lib64/libmvpu_clc_mvpu_utility.so
  - vendor/lib64/libmvpu_clc_vpu_isa.so
  - vendor/lib64/libmvpu_config.so
  - vendor/lib64/libmvpu_config_data.so
  - vendor/lib64/libmvpu_engine.so
  - vendor/lib64/libmvpu_engine_pub.so
  - vendor/lib64/libmvpu_pattern.so
  - vendor/lib64/libmvpu_pattern_pub.so
  - vendor/lib64/libmvpu_runtime.so
  - vendor/lib64/libmvpu_runtime_pub.so
  - vendor/lib64/libmvpuop_mtk_cv.so
  - vendor/lib64/libmvpuop_mtk_nn.so
  - vendor/lib64/libnpagent.so
  - vendor/lib64/libnpagent_server.so
  - vendor/lib64/libnvram.so
  - vendor/lib64/libnvram_sec.so
  - vendor/lib64/libnxp_extamp_intf.so
  - vendor/lib64/libnxpsmartpaparser.so
  - vendor/lib64/libpqframework.so
  - vendor/lib64/libratconfig.so
  - vendor/lib64/librilfusion.so
  - vendor/lib64/librpc.so
  - vendor/lib64/librt_extamp_intf.so
  - vendor/lib64/libsn100u_fw.so
  - vendor/lib64/libspeech_enh_lib.so
  - vendor/lib64/libspeechparser_vendor.so
  - vendor/lib64/libstorage_otp.so
  - vendor/lib64/libsysenv.so
  - vendor/lib64/libtrm.so
  - vendor/lib64/libudf.so
  - vendor/lib64/libvia-ril.so
  - vendor/lib64/libviagpsrpc.so
  - vendor/lib64/libviamipc-ril.so
  - vendor/lib64/libvoiprec.so
  - vendor/lib64/libvow_ap_test_aa.so
  - vendor/lib64/libvow_ap_test_dd.so
  - vendor/lib64/libvow_ap_test_ha.so
  - vendor/lib64/libvow_ap_test_hh.so
  - vendor/lib64/libvow_ap_test_nn.so
  - vendor/lib64/libwifi-hal-mtk.so
  - vendor/lib64/libwpfa.so
  - vendor/lib64/libwvhidl.so
  - vendor/lib64/libxlog.so
  - vendor/lib64/mt6895/arm.graphics-V1-ndk_platform.so
  - vendor/lib64/mt6895/libDR.so
  - vendor/lib64/mt6895/libaal_cust_func.so
  - vendor/lib64/mt6895/libaalservice.so
    + Fixed up vendor/lib64/mt6895/libaalservice.so
  - vendor/lib64/mt6895/libaiselector.so
  - vendor/lib64/mt6895/libdpframework.so
  - vendor/lib64/mt6895/libmnl.so
  - vendor/lib64/mt6895/libmtk_drvb.so
  - vendor/lib64/mt6895/libneuralnetworks_sl_driver_mtk_prebuilt.so
  - vendor/lib64/mt6895/libneuron_adapter_mgvi.so
  - vendor/lib64/mt6895/libneuron_runtime.5.so
  - vendor/lib64/mt6895/libneuron_wrapper.so
  - vendor/lib64/mt6895/libnir_neon_driver.so
  - vendor/lib64/mt6895/libpq_cust_base.so
  - vendor/lib64/mt6895/libpq_prot.so
  - vendor/lib64/mt6895/libpqparamparser.so
  - vendor/lib64/mt6895/libpqpconfig.so
  - vendor/lib64/vendor.mediatek.hardware.apuware.apusys@2.0.so
  - vendor/lib64/vendor.mediatek.hardware.apuware.apusys@2.1.so
  - vendor/lib64/vendor.mediatek.hardware.apuware.hmp@1.0.so
  - vendor/lib64/vendor.mediatek.hardware.apuware.utils@2.0.so
  - vendor/lib64/vendor.mediatek.hardware.audio@8.1.so
  - vendor/lib64/vendor.mediatek.hardware.bluetooth.audio@2.1.so
  - vendor/lib64/vendor.mediatek.hardware.bluetooth.audio@2.2.so
  - vendor/lib64/vendor.mediatek.hardware.composer_ext@1.0.so
  - vendor/lib64/vendor.mediatek.hardware.mmagent@1.0.so
  - vendor/lib64/vendor.mediatek.hardware.mmagent@1.1.so
  - vendor/lib64/vendor.mediatek.hardware.mms@1.0.so
  - vendor/lib64/vendor.mediatek.hardware.mms@1.1.so
  - vendor/lib64/vendor.mediatek.hardware.mms@1.2.so
  - vendor/lib64/vendor.mediatek.hardware.mms@1.3.so
  - vendor/lib64/vendor.mediatek.hardware.mms@1.4.so
  - vendor/lib64/vendor.mediatek.hardware.mms@1.5.so
  - vendor/lib64/vendor.mediatek.hardware.mms@1.6.so
  - vendor/lib64/vendor.mediatek.hardware.mtkradioex@2.0.so
  - vendor/lib64/vendor.mediatek.hardware.mtkradioex@3.0.so
  - vendor/lib64/vendor.mediatek.hardware.netdagent@1.0.so
  - vendor/lib64/vendor.mediatek.hardware.neuropilot.agent@1.0.so
  - vendor/lib64/vendor.mediatek.hardware.neuropilot.agent@1.1.so
  - vendor/lib64/vendor.mediatek.hardware.neuropilot.agent@1.2.so
  - vendor/lib64/vendor.mediatek.hardware.nvram@1.0.so
  - vendor/lib64/vendor.mediatek.hardware.nvram@1.1.so
  - vendor/lib64/vendor.mediatek.hardware.power@1.1.so
  - vendor/lib64/vendor.mediatek.hardware.power@2.0.so
  - vendor/lib64/vendor.mediatek.hardware.pq@2.0.so
  - vendor/lib64/vendor.mediatek.hardware.pq@2.1.so
  - vendor/lib64/vendor.mediatek.hardware.pq@2.10.so
  - vendor/lib64/vendor.mediatek.hardware.pq@2.11.so
  - vendor/lib64/vendor.mediatek.hardware.pq@2.12.so
  - vendor/lib64/vendor.mediatek.hardware.pq@2.13.so
  - vendor/lib64/vendor.mediatek.hardware.pq@2.14.so
  - vendor/lib64/vendor.mediatek.hardware.pq@2.15.so
  - vendor/lib64/vendor.mediatek.hardware.pq@2.2.so
  - vendor/lib64/vendor.mediatek.hardware.pq@2.3.so
  - vendor/lib64/vendor.mediatek.hardware.pq@2.4.so
  - vendor/lib64/vendor.mediatek.hardware.pq@2.5.so
  - vendor/lib64/vendor.mediatek.hardware.pq@2.6.so
  - vendor/lib64/vendor.mediatek.hardware.pq@2.7.so
  - vendor/lib64/vendor.mediatek.hardware.pq@2.8.so
  - vendor/lib64/vendor.mediatek.hardware.pq@2.9.so
  - vendor/lib64/vendor.mediatek.hardware.videotelephony@1.0.so
  - framework/mediatek-common.jar
Checking if system is odexed and locating boot.oats...
  - framework/mediatek-framework.jar
  - framework/mediatek-ims-base.jar
  - framework/mediatek-ims-common.jar
  - framework/mediatek-ims-extension-plugin.jar
  - framework/mediatek-telecom-common.jar
  - framework/mediatek-telephony-base.jar
  - framework/mediatek-telephony-common.jar
  - system_ext/priv-app/ImsService/ImsService.apk
I: Using Apktool v2.9.2-59-f91d2ca6-SNAPSHOT on ImsService.apk with 16 thread(s).
I: Baksmaling classes.dex...
I: Copying raw resources...
I: Copying raw manifest...
I: Copying assets and libs...
I: Copying unknown files...
I: Copying original files...
Applying patch ./../../xiaomi/mt6895-common/blob-patches/ImsService.patch
I: Using Apktool v2.9.2-59-f91d2ca6-SNAPSHOT with 16 thread(s).
I: Checking whether resources has changed...
I: Copying raw resources...
I: Checking whether sources has changed...
I: Smaling smali folder into classes.dex...
I: Copying libs... (/kotlin)
I: Building apk file...
I: Copying unknown files/dir...
I: Built apk into: ./../../xiaomi/mt6895-common/../../../vendor/xiaomi/mt6895-common/proprietary/system_ext/priv-app/ImsService/ImsService.apk
    + Fixed up system_ext/priv-app/ImsService/ImsService.apk
  - vendor/etc/vintf/manifest/android.hardware.neuralnetworks-shim-service-mtk.xml
  - vendor/etc/vintf/manifest/gnss-mtk.xml
  - vendor/etc/vintf/manifest/gnss@2.1-service.xml
  - vendor/etc/vintf/manifest/manifest_android.hardware.drm@1.4-service.widevine.xml
  - vendor/etc/vintf/manifest/manifest_apuware_apusys.xml
  - vendor/etc/vintf/manifest/manifest_apuware_hmp.xml
  - vendor/etc/vintf/manifest/manifest_apuware_utils.xml
  - vendor/etc/vintf/manifest/manifest_media_c2_V1_1_default.xml
  - vendor/etc/vintf/manifest/vendor.mediatek.hardware.neuropilot.agent@1.0-service.xml
Cleaning output directory (./../../xiaomi/mt6895-common/../../../vendor/xiaomi/rubens/proprietary)..
Extracting 579 files in ./../../xiaomi/mt6895-common/../../xiaomi/rubens/proprietary-files.txt from /media/invalidname/HGST/dumps/dumper/extract/system:
  - vendor/bin/batterysecret
  - vendor/bin/crossbuild/DataSet/SQLiteModule/db/ae/mt6895/ParameterDB_ae.db
  - vendor/bin/crossbuild/DataSet/SQLiteModule/db/af/mt6895/ParameterDB_af.db
  - vendor/bin/crossbuild/DataSet/SQLiteModule/db/awb/mt6895/ParameterDB_awb.db
  - vendor/bin/crossbuild/DataSet/SQLiteModule/db/awbsync/mt6895/ParameterDB_awbsync.db
  - vendor/bin/crossbuild/DataSet/SQLiteModule/db/feature/mt6895/ParameterDB_feature.db
  - vendor/bin/crossbuild/DataSet/SQLiteModule/db/flash/mt6895/ParameterDB_flash.db
  - vendor/bin/crossbuild/DataSet/SQLiteModule/db/flashcali/mt6895/ParameterDB_flashcali.db
  - vendor/bin/crossbuild/DataSet/SQLiteModule/db/mt6895/ParameterDB.db
  - vendor/bin/crossbuild/DataSet/SQLiteModule/db/mt6895/port_select.db
  - vendor/bin/crossbuild/DataSet/SQLiteModule/db/mt6895/top_control_data.db
  - vendor/bin/crossbuild/DataSet/SQLiteModule/db/pd/mt6895/ParameterDB_pd.db
  - vendor/bin/crossbuild/DataSet/SQLiteModule/db/pipeline/mt6895/ParameterDB_pipeline.db
  - vendor/bin/crossbuild/DataSet/SQLiteModule/db/tone/mt6895/ParameterDB_tone.db
  - vendor/bin/crossbuild/DataSet/SQLiteModule/db/tuning_DB/default_sensor/mt6895/ISP_mapping.db
  - vendor/bin/crossbuild/DataSet/SQLiteModule/db/tuning_DB/default_sensor/mt6895/ISP_param.db
  - vendor/bin/crossbuild/DataSet/SQLiteModule/db/tuning_DB/mt6895/ISP_info.db
  - vendor/bin/crossbuild/DataSet/SQLiteModule/db/tuning_DB/rubensgc02m1_mipi_raw/mt6895/ISP_mapping.db
  - vendor/bin/crossbuild/DataSet/SQLiteModule/db/tuning_DB/rubensgc02m1_mipi_raw/mt6895/ISP_param.db
  - vendor/bin/crossbuild/DataSet/SQLiteModule/db/tuning_DB/rubensimx582_mipi_raw/mt6895/ISP_mapping.db
  - vendor/bin/crossbuild/DataSet/SQLiteModule/db/tuning_DB/rubensimx582_mipi_raw/mt6895/ISP_param.db
  - vendor/bin/crossbuild/DataSet/SQLiteModule/db/tuning_DB/rubensimx582_mipi_raw_2/mt6895/ISP_mapping.db
  - vendor/bin/crossbuild/DataSet/SQLiteModule/db/tuning_DB/rubensimx582_mipi_raw_2/mt6895/ISP_param.db
  - vendor/bin/crossbuild/DataSet/SQLiteModule/db/tuning_DB/rubensimx596_mipi_raw/mt6895/ISP_mapping.db
  - vendor/bin/crossbuild/DataSet/SQLiteModule/db/tuning_DB/rubensimx596_mipi_raw/mt6895/ISP_param.db
  - vendor/bin/crossbuild/DataSet/SQLiteModule/db/tuning_DB/rubenss5k4h7_mipi_raw/mt6895/ISP_mapping.db
  - vendor/bin/crossbuild/DataSet/SQLiteModule/db/tuning_DB/rubenss5k4h7_mipi_raw/mt6895/ISP_param.db
  - vendor/bin/hw/mt6895/camerahalserver
  - vendor/bin/mi_thermald
  - vendor/etc/audio_param/AudioParamOptions_vext.xml
  - vendor/etc/audio_param/FV-SAM-MTKXX.dat
  - vendor/etc/audio_param/PlaybackVolAna_AudioParam.xml
  - vendor/etc/audio_param/PlaybackVolAna_CeRegion_AudioParam.xml
  - vendor/etc/audio_param/PlaybackVolDigi_AudioParam.xml
  - vendor/etc/audio_param/PlaybackVolDigi_CeRegion_AudioParam.xml
  - vendor/etc/audio_param/RecordFIR_AudioParam.xml
  - vendor/etc/audio_param/RecordVolUI_ParamUnitDesc.xml
  - vendor/etc/audio_param/RecordVol_AudioParam.xml
  - vendor/etc/audio_param/RecordVol_ParamUnitDesc.xml
  - vendor/etc/audio_param/Record_AudioParam.xml
  - vendor/etc/audio_param/Record_ParamUnitDesc.xml
  - vendor/etc/audio_param/SmartPa_AudioParam.xml
  - vendor/etc/audio_param/SmartPa_ParamUnitDesc.xml
  - vendor/etc/audio_param/SpeechGeneral_AudioParam.xml
  - vendor/etc/audio_param/SpeechVol_AudioParam.xml
  - vendor/etc/audio_param/VoIPVol_AudioParam.xml
  - vendor/etc/audio_param/VoIPv2_AudioParam.xml
  - vendor/etc/audio_param/VoWDspAec_AudioParam.xml
  - vendor/etc/audio_param/VoWEngineFeature_AudioParam.xml
  - vendor/etc/audio_param/VoWVoiceCommand_AudioParam.xml
  - vendor/etc/audio_param/tfa98xx_music.bin
  - vendor/etc/audio_param/tfa98xx_ringtone.bin
  - vendor/etc/audio_param/tfa98xx_voice.bin
  - vendor/etc/camera/F1_pink.cng
  - vendor/etc/camera/ai_scene.bin
  - vendor/etc/camera/anc.bin
  - vendor/etc/camera/apu_miai_preview.bin
  - vendor/etc/camera/com.xiaomi.dcal.wu.golden
  - vendor/etc/camera/deblur_sd_opencl_binary.bin
  - vendor/etc/camera/deblur_sd_opencl_params.bin
  - vendor/etc/camera/deblur_txt_apu.bin
  - vendor/etc/camera/gma_custom.txt
  - vendor/etc/camera/jiiganmodel/com.xiaomi_l11_mecp.bin
  - vendor/etc/camera/jiiganmodel/com.xiaomi_l11_mecp_for_nocali.bin
  - vendor/etc/camera/jiiganmodel/com.xiaomi_l11_mecp_hwdepth_bokeh.bin
  - vendor/etc/camera/jiiganmodel/dof_model/capture_cache
  - vendor/etc/camera/jiiganmodel/dof_model/capture_model
  - vendor/etc/camera/jiiganmodel/dof_model/capture_policy
  - vendor/etc/camera/jiiganmodel/rt_model/preview_cache
  - vendor/etc/camera/jiiganmodel/rt_model/preview_model
  - vendor/etc/camera/jiiganmodel/rt_model/preview_policy
  - vendor/etc/camera/ldc/intsense_config_undistort.bin
  - vendor/etc/camera/ldc/ldc_cap_cache
  - vendor/etc/camera/ldc/ldc_cap_model
  - vendor/etc/camera/ldc/ldc_cap_policy
  - vendor/etc/camera/miai_psn_config.yaml
  - vendor/etc/camera/mibokeh_mt6873_opencl.bin
  - vendor/etc/camera/mibokeh_mt6873_parameter.bin
  - vendor/etc/camera/quantize_mtk_0.00246_1800-360620_singleinput_bs1_1285.dla
  - vendor/etc/camera/sceneDetection.xml
  - vendor/etc/camera/svq_cache
  - vendor/etc/camera/video_bokeh_apu_front_20210413.bin
  - vendor/etc/camera/vidhance_calibration
  - vendor/etc/camera/xiaomi/dualbokehsnapshot.json
  - vendor/etc/camera/xiaomi/frontbokehsnapshot.json
  - vendor/etc/camera/xiaomi/frontsinglesnapshot.json
  - vendor/etc/camera/xiaomi/frontsupernightsnapshot.json
  - vendor/etc/camera/xiaomi/manualsnapshot.json
  - vendor/etc/camera/xiaomi/normalpreview.json
  - vendor/etc/camera/xiaomi/normalsnapshot.json
  - vendor/etc/camera/xiaomi/satsnapshot.json
  - vendor/etc/camera/xiaomi/superhdsnapshot.json
  - vendor/etc/camera/xiaomi/superlowlightsnapshot.json
  - vendor/etc/camera/xiaomi/thirdpartysnapshot.json
  - vendor/etc/camera/xiaomi/uwsuperlowlightshot.json
  - vendor/etc/cust_color.xml
  - vendor/etc/cust_silky_brightness.xml
  - vendor/etc/dsi_l11a_38_0a_0a_dsc_cmd_mi.xml
  - vendor/etc/init/camerahalserver.rc
  - vendor/etc/libnfc-nci.conf
  - vendor/etc/libnfc-nxp-pnscr.conf
  - vendor/etc/libnfc-nxp.conf
  - vendor/libnfc-nxp_RF.conf
  - vendor/etc/misound_res_headphone.bin
  - vendor/etc/misound_res_spk.bin
  - vendor/etc/smartpa_param/tfa98xx_device.bin
  - vendor/etc/smartpa_param/tfa98xx_ringtone.bin
  - vendor/etc/smartpa_param/tfa98xx_voice.bin
  - vendor/etc/sn100u_bootup.pnscr
  - vendor/etc/sn100u_ese_disableIso.pnscr
  - vendor/etc/sn100u_ese_disableIsoRead.pnscr
  - vendor/etc/sn100u_nfcon.pnscr
  - vendor/etc/sn100u_pnx_chr.pnscr
  - vendor/etc/sn100u_pnx_cui.pnscr
  - vendor/etc/sn100u_pnx_ese_1.pnscr
  - vendor/etc/sn100u_pnx_ese_3.pnscr
  - vendor/etc/sn100u_pnx_ese_aclog.pnscr
  - vendor/etc/sn100u_pnx_ese_cplc.pnscr
  - vendor/etc/sn100u_pnx_ese_fabkey.pnscr
  - vendor/etc/sn100u_pnx_ese_free.pnscr
  - vendor/etc/sn100u_pnx_ese_keyset.pnscr
  - vendor/etc/sn100u_pnx_ese_sei2c_disable.pnscr
  - vendor/etc/sn100u_pnx_ese_sei2c_enable.pnscr
  - vendor/etc/sn100u_pnx_ese_sei2c_read.pnscr
  - vendor/etc/sn100u_pnx_ese_sn.pnscr
  - vendor/etc/sn100u_pnx_ndi.pnscr
  - vendor/etc/sn100u_pnx_pcv.pnscr
  - vendor/etc/sn100u_pnx_sst.pnscr
  - vendor/etc/thermal-4k.conf
  - vendor/etc/thermal-camera.conf
  - vendor/etc/thermal-chg-only.conf
  - vendor/etc/thermal-class0.conf
  - vendor/etc/thermal-huanji.conf
  - vendor/etc/thermal-map.conf
  - vendor/etc/thermal-mgame.conf
  - vendor/etc/thermal-navigation.conf
  - vendor/etc/thermal-nolimits.conf
  - vendor/etc/thermal-normal.conf
  - vendor/etc/thermal-per-camera.conf
  - vendor/etc/thermal-per-class0.conf
  - vendor/etc/thermal-per-huanji.conf
  - vendor/etc/thermal-per-navigation.conf
  - vendor/etc/thermal-per-normal.conf
  - vendor/etc/thermal-per-video.conf
  - vendor/etc/thermal-phone.conf
  - vendor/etc/thermal-region-map.conf
  - vendor/etc/thermal-tgame.conf
  - vendor/etc/thermal-video.conf
  - vendor/etc/thermal-videochat.conf
  - vendor/etc/thermald-devices.conf
  - vendor/firmware/aw8697_haptic.bin
  - vendor/firmware/aw8697_rtp_1.bin
  - vendor/firmware/lib3a.ccu
  - vendor/firmware/lib3a.ccu_dummy
  - vendor/firmware/tfa98xx.cnt
  - vendor/firmware/wifi.cfg
  - vendor/lib64/com.xiaomi.plugin.arcsoftsr.so
  - vendor/lib64/com.xiaomi.plugin.capbokeh.so
  - vendor/lib64/com.xiaomi.plugin.dc.so
  - vendor/lib64/com.xiaomi.plugin.depurple.so
  - vendor/lib64/com.xiaomi.plugin.ldc.so
  - vendor/lib64/com.xiaomi.plugin.memcpy.so
  - vendor/lib64/com.xiaomi.plugin.miaideblur.so
  - vendor/lib64/com.xiaomi.plugin.miaiie.so
  - vendor/lib64/com.xiaomi.plugin.mibokeh.so
  - vendor/lib64/com.xiaomi.plugin.mifragment.so
  - vendor/lib64/com.xiaomi.plugin.misegment.so
  - vendor/lib64/com.xiaomi.plugin.rawsuperlight.so
  - vendor/lib64/com.xiaomi.plugin.skinbeautifier.so
  - vendor/lib64/com.xiaomi.plugin.superlowlight.so
  - vendor/lib64/com.xiaomi.plugin.supernight.so
  - vendor/lib64/com.xiaomi.plugin.swflip.so
  - vendor/lib64/hw/audio.primary.mediatek.so
    + Fixed up vendor/lib64/hw/audio.primary.mediatek.so
  - vendor/lib64/hw/fingerprint.fpc.default.so
  - vendor/lib64/hw/fingerprint.goodix.default.so
  - vendor/lib64/hw/mt6895/android.hardware.camera.provider@2.6-impl-mediatek.so
    + Fixed up vendor/lib64/hw/mt6895/android.hardware.camera.provider@2.6-impl-mediatek.so
  - vendor/lib64/hw/mt6895/vendor.mediatek.hardware.camera.atms@1.0-impl.so
  - vendor/lib64/hw/mt6895/vendor.mediatek.hardware.camera.bgservice@1.1-impl.so
  - vendor/lib64/hw/sensors.mediatek.V2.0.so
  - vendor/lib64/hw/vendor.mediatek.hardware.camera.isphal@1.1-impl.so
  - vendor/lib64/lib3a.ae.pipe.so
  - vendor/lib64/lib3a.cculog.so
  - vendor/lib64/libAITrackingAFMgr.so
  - vendor/lib64/libArcNetMtk.so
  - vendor/lib64/libBasicModule.so
  - vendor/lib64/libJpgEncPipe.so
  - vendor/lib64/libJpgEncPipe.so
  - vendor/lib64/libOpenCL.so
  - vendor/lib64/libSQLiteModule_VER_ALL.so
  - vendor/lib64/libaaa_gma.so
  - vendor/lib64/libai_pq.so
  - vendor/lib64/libai_sdr2hdr.so
  - vendor/lib64/libai_sdr2hdr_auth.so
  - vendor/lib64/libaispq.so
  - vendor/lib64/libalCFR.so
  - vendor/lib64/libanc_calibration_parser.so
  - vendor/lib64/libanc_dc_base.so
  - vendor/lib64/libanc_dc_plugin_xiaomi_v2.so
  - vendor/lib64/libanc_supervq.so
  - vendor/lib64/libarcsoft_beautyshot.so
  - vendor/lib64/libarcsoft_distortion_correction.so
  - vendor/lib64/libarcsoft_hdr_detection.so
  - vendor/lib64/libarcsoft_high_dynamic_range_v5.so
  - vendor/lib64/libarcsoft_low_light_hdr.so
  - vendor/lib64/libarcsoft_mf_superresolution.so
  - vendor/lib64/libarcsoft_portrait_lighting.so
  - vendor/lib64/libarcsoft_portrait_lighting_c.so
  - vendor/lib64/libarcsoft_super_night_raw.so
  - vendor/lib64/libarcsoft_supernight.so
  - vendor/lib64/libaudio_param_parser-vnd.so
  - vendor/lib64/libbeauty_face_interface.so
  - vendor/lib64/libc++_shared.so
  - vendor/lib64/libcam.hal3a.guard.so
  - vendor/lib64/libcamalgo.WarpMapResizer.so
  - vendor/lib64/libcamalgo.dngop.so
  - vendor/lib64/libcamalgo.eis.so
  - vendor/lib64/libcamalgo.fdft.so
  - vendor/lib64/libcamalgo.fsc.so
  - vendor/lib64/libcamalgo.gyro.so
  - vendor/lib64/libcamalgo.hdr10p.so
  - vendor/lib64/libcamalgo.lmv.so
  - vendor/lib64/libcamalgo.mcnr.so
  - vendor/lib64/libcamalgo.n3d.so
  - vendor/lib64/libcamalgo.platform.so
  - vendor/lib64/libcamalgo.utility.so
  - vendor/lib64/libcamalgo.vsdofUtil.so
  - vendor/lib64/libcamalgo.warp.so
  - vendor/lib64/libcamera_scene.so
  - vendor/lib64/libcameraplatforminfoxiaomi.so
  - vendor/lib64/libceres.so
  - vendor/lib64/libcom.xiaomi.metadatautils.so
  - vendor/lib64/libcom.xiaomi.pluginutils.so
  - vendor/lib64/libdeflicker.so
  - vendor/lib64/libfeature.hdr10.so
  - vendor/lib64/libfeaturepolicy.so
  - vendor/lib64/libfeaturepolicy_dbhandler.so
  - vendor/lib64/libgf_ca.so
  - vendor/lib64/libgf_hal.so
  - vendor/lib64/libgoodixhwfingerprint.so
  - vendor/lib64/libheichal.so
  - vendor/lib64/libimagebuffer_wrapper.so
  - vendor/lib64/libjpeg-alpha-oal_vendor.so
  - vendor/lib64/libjpeg-alpha_vendor.so
  - vendor/lib64/libmiStereoFactoryRemapBasicLib.so
  - vendor/lib64/libmiStereoFactoryRemapLib.so
  - vendor/lib64/libmiai_deblur.so
  - vendor/lib64/libmiai_portraitsupernight.so
  - vendor/lib64/libmialgo_ie_capture.so
  - vendor/lib64/libmialgo_rfs.so
  - vendor/lib64/libmialgo_sd.so
  - vendor/lib64/libmialgo_utils.so
  - vendor/lib64/libmialgoengine.so
  - vendor/lib64/libmialgoengine2.so
  - vendor/lib64/libmibokeh_845_video.so
  - vendor/lib64/libmibokeh_mt6873.so
  - vendor/lib64/libminiui.so
  - vendor/lib64/libmisound.so
  - vendor/lib64/libmisoundcrossfade.so
  - vendor/lib64/libmpbase.so
  - vendor/lib64/libmtkcam_3rdcalibration.so
  - vendor/lib64/libmtkcam_fdWarpConvert.so
  - vendor/lib64/libmtkcam_thirdparty.customzone.so
  - vendor/lib64/libmtkisp_metadata_v2.so
  - vendor/lib64/libpixelflinger.so
  - vendor/lib64/librelight_only.so
  - vendor/lib64/libremosaic_wrapper.so
  - vendor/lib64/libremosaiclib.so
  - vendor/lib64/librgbwlightsensor.so
  - vendor/lib64/libvideofilter_only.so
  - vendor/lib64/libvidhance.so
  - vendor/lib64/libvidhance_active_ois.so
  - vendor/lib64/libvidhance_autozoom.so
  - vendor/lib64/libvidhance_dmbr.so
  - vendor/lib64/libvidhance_face_stabilizer.so
  - vendor/lib64/libvidhance_horizon_correction.so
  - vendor/lib64/libvidhance_ldc.so
  - vendor/lib64/libvidhance_stabilizer.so
  - vendor/lib64/libvidhance_super_stabilization.so
  - vendor/lib64/libvpu.so
  - vendor/lib64/libvpu5.so
  - vendor/lib64/libwa_rtdof.so
  - vendor/lib64/libwa_rtrefocus.so
  - vendor/lib64/libwa_widelens_undistort.so
  - vendor/lib64/mt6895/lib3a.ae.core.so
  - vendor/lib64/mt6895/lib3a.ae.so
  - vendor/lib64/mt6895/lib3a.af.assist.models1d.so
  - vendor/lib64/mt6895/lib3a.af.assist.models2d.so
  - vendor/lib64/mt6895/lib3a.af.assist.so
  - vendor/lib64/mt6895/lib3a.af.assist.utils.so
  - vendor/lib64/mt6895/lib3a.af.core.so
  - vendor/lib64/mt6895/lib3a.af.so
  - vendor/lib64/mt6895/lib3a.aishutter.so
  - vendor/lib64/mt6895/lib3a.alsflicker.so
  - vendor/lib64/mt6895/lib3a.awb.core.so
  - vendor/lib64/mt6895/lib3a.awbsync.so
  - vendor/lib64/mt6895/lib3a.custom.ae.so
  - vendor/lib64/mt6895/lib3a.flash.so
  - vendor/lib64/mt6895/lib3a.flicker.so
  - vendor/lib64/mt6895/lib3a.log.so
  - vendor/lib64/mt6895/lib3a.sensors.color.so
  - vendor/lib64/mt6895/lib3a.sensors.flicker.so
  - vendor/lib64/mt6895/lib3a.stat.so
  - vendor/lib64/mt6895/libAIODcore.so
  - vendor/lib64/mt6895/libAIOTcore.so
  - vendor/lib64/mt6895/libDBAccessor_ISP.so
  - vendor/lib64/mt6895/libMtkMediaController.so
  - vendor/lib64/mt6895/libSonyIMX519PdafWrapper.so
  - vendor/lib64/mt6895/lib_bsscore.so
  - vendor/lib64/mt6895/libaaa_afassist.so
  - vendor/lib64/mt6895/libaaa_feature.so
  - vendor/lib64/mt6895/libaaa_ltm.so
  - vendor/lib64/mt6895/libaaa_ltmx.so
  - vendor/lib64/mt6895/libaaa_tnc.so
  - vendor/lib64/mt6895/libaaa_toneutil.so
  - vendor/lib64/libacdk.so
  - vendor/lib64/mt6895/libaiawb_fs.so
  - vendor/lib64/mt6895/libaiawb_fs_model.so
  - vendor/lib64/mt6895/libaiawb_moon.so
  - vendor/lib64/mt6895/libaiawb_moon_model.so
  - vendor/lib64/mt6895/libaiawb_p1ggm.so
  - vendor/lib64/mt6895/libaiawb_sun.so
  - vendor/lib64/mt6895/libaiawb_sun_model.so
  - vendor/lib64/mt6895/libaibc_tuning.so
  - vendor/lib64/mt6895/libaibc_tuning_p2.so
  - vendor/lib64/mt6895/libaibc_tuning_p3.so
  - vendor/lib64/mt6895/libaicapturecore.so
  - vendor/lib64/mt6895/libaidepth_tuning.so
  - vendor/lib64/libaiselector.so
  - vendor/lib64/mt6895/libalgo.aosp.log.so
  - vendor/lib64/mt6895/libapudcutils.so
  - vendor/lib64/mt6895/libcam.3a_isp.utils.so
  - vendor/lib64/mt6895/libcam.afmgr.so
  - vendor/lib64/mt6895/libcam.chdr.so
  - vendor/lib64/mt6895/libcam.feature_utils.so
  - vendor/lib64/mt6895/libcam.fw_me_tcy.so
  - vendor/lib64/mt6895/libcam.hal3a.afassitmgr.so
  - vendor/lib64/mt6895/libcam.hal3a.cctsvr.v4l2.so
  - vendor/lib64/mt6895/libcam.hal3a.ctrl.so
  - vendor/lib64/mt6895/libcam.hal3a.ircutdrv.so
  - vendor/lib64/mt6895/libcam.hal3a.lensdrv.so
  - vendor/lib64/mt6895/libcam.hal3a.log.so
  - vendor/lib64/mt6895/libcam.hal3a.lscMgrApi.so
  - vendor/lib64/mt6895/libcam.hal3a.oisdrv.so
  - vendor/lib64/mt6895/libcam.hal3a.ozoomdrv.so
  - vendor/lib64/mt6895/libcam.hal3a.policy.so
  - vendor/lib64/mt6895/libcam.hal3a.so
  - vendor/lib64/mt6895/libcam.hal3a.tofdrv.so
  - vendor/lib64/mt6895/libcam.hal3a.utils.so
  - vendor/lib64/mt6895/libcam.hal3a.v3.ae.v4l2.so
  - vendor/lib64/mt6895/libcam.hal3a.v3.ai3a_v4l2.so
  - vendor/lib64/mt6895/libcam.hal3a.v3.awb_v4l2.so
  - vendor/lib64/mt6895/libcam.hal3a.v3.cac.mgr.v4l2.so
  - vendor/lib64/mt6895/libcam.hal3a.v3.dng.so
  - vendor/lib64/mt6895/libcam.hal3a.v3.flash.v4l2.so
  - vendor/lib64/mt6895/libcam.hal3a.v3.flicker.v4l2.so
  - vendor/lib64/mt6895/libcam.hal3a.v3.ir.v4l2.so
  - vendor/lib64/mt6895/libcam.hal3a.v3.lsctbl.v4l2.so
  - vendor/lib64/mt6895/libcam.hal3a.v3.nvram.v4l2.so
  - vendor/lib64/mt6895/libcam.hal3a.v3.sensor.v4l2.so
  - vendor/lib64/mt6895/libcam.hal3a.v3.strobe.so
  - vendor/lib64/mt6895/libcam.hal3a.v3.stt_v4l2.so
  - vendor/lib64/mt6895/libcam.hal3a.v3.tone.mgr.v4l2.so
  - vendor/lib64/mt6895/libcam.halisp.TopCtrlMgr.so
  - vendor/lib64/mt6895/libcam.halisp.TuningDataProvider.so
  - vendor/lib64/mt6895/libcam.halisp.TuningDataProviderFactory.so
  - vendor/lib64/mt6895/libcam.halisp.imp.v4l2.so
  - vendor/lib64/mt6895/libcam.halisp.plugin.so
  - vendor/lib64/mt6895/libcam.halisp.utils.so
  - vendor/lib64/mt6895/libcam.halisp.v4l2.so
  - vendor/lib64/mt6895/libcam.halsensor.hwintegration.so
  - vendor/lib64/mt6895/libcam.halsensor.so
  - vendor/lib64/mt6895/libcam.isptuning.v4l2.so
  - vendor/lib64/mt6895/libcam.peripheralcontroller.so
  - vendor/lib64/mt6895/libcam.tuningcachemgr.so
  - vendor/lib64/mt6895/libcam.utils.sensorprovider.so
  - vendor/lib64/mt6895/libcam.vhdr.so
  - vendor/lib64/mt6895/libcam_ipc_hal3a_client.so
  - vendor/lib64/mt6895/libcam_ipc_halisp_client.so
  - vendor/lib64/mt6895/libcam_ipc_nvbuf_client.so
  - vendor/lib64/mt6895/libcamalgo.BSSwrapper.so
  - vendor/lib64/mt6895/libcamalgo.Mfbllwrapper.so
  - vendor/lib64/mt6895/libcamalgo.aibc.so
  - vendor/lib64/mt6895/libcamalgo.aibcwrapper.so
  - vendor/lib64/mt6895/libcamalgo.aihdr.so
  - vendor/lib64/mt6895/libcamalgo.ainr.so
  - vendor/lib64/mt6895/libcamalgo.ais2.bss.so
  - vendor/lib64/mt6895/libcamalgo.ais2.mfnr.so
  - vendor/lib64/mt6895/libcamalgo.ais2.mstm.so
  - vendor/lib64/mt6895/libcamalgo.bss.so
  - vendor/lib64/mt6895/libcamalgo.fus.so
  - vendor/lib64/mt6895/libcamalgo.lsc.so
  - vendor/lib64/mt6895/libcamalgo.mfnr.so
  - vendor/lib64/mt6895/libcamalgo.platform2.so
  - vendor/lib64/mt6895/libcamalgo.rotate.so
  - vendor/lib64/libcamalgo.util1.so
  - vendor/lib64/libcamalgo.util2.so
  - vendor/lib64/mt6895/libcamalgo.vaidepth.so
  - vendor/lib64/mt6895/libcamalgo.vainr.so
  - vendor/lib64/mt6895/libcamalgo.vsf.so
  - vendor/lib64/mt6895/libcamera.custom.af_assist_buf_mgr.so
  - vendor/lib64/mt6895/libcamera.custom.af_assist_buf_mgr_open.so
  - vendor/lib64/mt6895/libcamera.custom.af_assist_mgr.so
  - vendor/lib64/mt6895/libcamera.custom.af_assist_pdp.so
  - vendor/lib64/mt6895/libcamera.customae.so
  - vendor/lib64/mt6895/libcamera.customaf.so
  - vendor/lib64/mt6895/libcamera.customawb.so
  - vendor/lib64/mt6895/libcamera.customflk.so
  - vendor/lib64/mt6895/libcameracustom.camera.3a.so
  - vendor/lib64/mt6895/libcameracustom.camera.isp.so
  - vendor/lib64/mt6895/libcameracustom.camera.sensors.so
  - vendor/lib64/mt6895/libcameracustom.camera_calibration.core.so
  - vendor/lib64/mt6895/libcameracustom.camera_exif.so
  - vendor/lib64/mt6895/libcameracustom.cfg_setting.core.so
  - vendor/lib64/mt6895/libcameracustom.eis.so
  - vendor/lib64/mt6895/libcameracustom.flashlight.so
  - vendor/lib64/mt6895/libcameracustom.imgsensor.core.so
  - vendor/lib64/mt6895/libcameracustom.lens.so
  - vendor/lib64/mt6895/libcameracustom.plugin.so
  - vendor/lib64/mt6895/libcameracustom.so
  - vendor/lib64/mt6895/libccd.so
  - vendor/lib64/mt6895/libeffecthal.base.so
  - vendor/lib64/mt6895/libfeature.face.so
  - vendor/lib64/mt6895/libfeature.fwmvp.so
  - vendor/lib64/mt6895/libfeature.mcnr.so
  - vendor/lib64/mt6895/libfeature.stereo.provider.so
  - vendor/lib64/mt6895/libfeature.vainr.hal.so
  - vendor/lib64/mt6895/libfeature.vsdof.3a_info_provider.so
  - vendor/lib64/mt6895/libfeature.vsdof.hal.so
  - vendor/lib64/mt6895/libfeature_eis.so
  - vendor/lib64/mt6895/libfeature_fsc.so
  - vendor/lib64/mt6895/libfeature_rss.so
  - vendor/lib64/mt6895/libfeature_vrp.so
  - vendor/lib64/mt6895/libfeatureiodrv_mem.so
  - vendor/lib64/libgamehdr.so
  - vendor/lib64/libgpudataproducer.so
  - vendor/lib64/mt6895/libimgsys_adl.so
  - vendor/lib64/mt6895/libimgsys_cmt.so
  - vendor/lib64/mt6895/libimgsys_daemon.so
  - vendor/lib64/mt6895/libimgsys_dip.so
  - vendor/lib64/mt6895/libimgsys_drvcommon.so
  - vendor/lib64/mt6895/libimgsys_gce.so
  - vendor/lib64/mt6895/libimgsys_main.so
  - vendor/lib64/mt6895/libimgsys_me.so
  - vendor/lib64/mt6895/libimgsys_pqdip.so
  - vendor/lib64/mt6895/libimgsys_sensor.so
  - vendor/lib64/mt6895/libimgsys_system.so
  - vendor/lib64/mt6895/libimgsys_taskhandler.so
  - vendor/lib64/mt6895/libimgsys_tdrhal.so
  - vendor/lib64/mt6895/libimgsys_traw.so
  - vendor/lib64/mt6895/libimgsys_utils.so
  - vendor/lib64/mt6895/libimgsys_v4l2.so
  - vendor/lib64/mt6895/libimgsys_wpe.so
  - vendor/lib64/mt6895/libispfeature_mtkcam.v4l2.so
  - vendor/lib64/mt6895/liblpnr.so
  - vendor/lib64/libmdla_ut.so
  - vendor/lib64/mt6895/libmfllcore.so
  - vendor/lib64/mt6895/libmgr3a.adapt.so
  - vendor/lib64/libmtk_drvb.so
  - vendor/lib64/mt6895/libmtkcam.atmseventmgr.so
  - vendor/lib64/mt6895/libmtkcam.debugwrapper.so
  - vendor/lib64/mt6895/libmtkcam.eventcallback.so
  - vendor/lib64/mt6895/libmtkcam.featurepipe.capture.so
  - vendor/lib64/mt6895/libmtkcam.featurepipe.depthmap.so
  - vendor/lib64/mt6895/libmtkcam.featurepipe.p2g.so
  - vendor/lib64/mt6895/libmtkcam.featurepipe.streaming.so
  - vendor/lib64/mt6895/libmtkcam.featurepipe.vsdof.wrapper.so
  - vendor/lib64/mt6895/libmtkcam.logicalcaminfoprovider.so
  - vendor/lib64/mt6895/libmtkcam.logicalmodule.so
  - vendor/lib64/mt6895/libmtkcam_aie.so
  - vendor/lib64/mt6895/libmtkcam_android_zslprocessor.so
  - vendor/lib64/mt6895/libmtkcam_buffer_flush.so
  - vendor/lib64/mt6895/libmtkcam_ca.so
  - vendor/lib64/mt6895/libmtkcam_calibration_convertor.so
  - vendor/lib64/mt6895/libmtkcam_calibration_provider.so
  - vendor/lib64/mt6895/libmtkcam_camcontroller.so
  - vendor/lib64/mt6895/libmtkcam_camcoordinator.so
  - vendor/lib64/mt6895/libmtkcam_camctrl.so
  - vendor/lib64/mt6895/libmtkcam_coredev.so
  - vendor/lib64/mt6895/libmtkcam_custzone.so
  - vendor/lib64/mt6895/libmtkcam_debugutils.so
  - vendor/lib64/mt6895/libmtkcam_devicemgr.so
  - vendor/lib64/mt6895/libmtkcam_diputils.so
  - vendor/lib64/mt6895/libmtkcam_dma_map.so
  - vendor/lib64/mt6895/libmtkcam_exif.so
  - vendor/lib64/mt6895/libmtkcam_faceResultHandler.so
  - vendor/lib64/mt6895/libmtkcam_grallocutils.so
  - vendor/lib64/mt6895/libmtkcam_hal3a_provider.so
  - vendor/lib64/mt6895/libmtkcam_hal_android_app_cbadaptor.so
  - vendor/lib64/mt6895/libmtkcam_hal_android_common.so
  - vendor/lib64/mt6895/libmtkcam_hal_android_device.so
  - vendor/lib64/mt6895/libmtkcam_hal_android_provider.so
  - vendor/lib64/mt6895/libmtkcam_hal_android_utils.so
  - vendor/lib64/mt6895/libmtkcam_hal_core_app.so
  - vendor/lib64/mt6895/libmtkcam_hal_core_app_cbadaptor.so
  - vendor/lib64/mt6895/libmtkcam_hal_core_device.so
  - vendor/lib64/mt6895/libmtkcam_hal_core_devicesessionpolicy.so
  - vendor/lib64/mt6895/libmtkcam_hal_core_featurepolicy.so
  - vendor/lib64/mt6895/libmtkcam_hal_core_provider.so
  - vendor/lib64/mt6895/libmtkcam_hal_core_utils.so
  - vendor/lib64/mt6895/libmtkcam_hal_custom.so
  - vendor/lib64/mt6895/libmtkcam_hal_custom_provider.so
  - vendor/lib64/mt6895/libmtkcam_hal_hidl_common.so
  - vendor/lib64/mt6895/libmtkcam_hal_hidl_device.so
  - vendor/lib64/mt6895/libmtkcam_hal_hidl_provider.so
  - vendor/lib64/mt6895/libmtkcam_hal_hidl_utils.so
  - vendor/lib64/mt6895/libmtkcam_hwnode.so
  - vendor/lib64/mt6895/libmtkcam_hwutils.so
  - vendor/lib64/mt6895/libmtkcam_hwutils_android.so
  - vendor/lib64/mt6895/libmtkcam_hwutils_poweronoffcontroller.so
  - vendor/lib64/mt6895/libmtkcam_imgbuf_v2.so
  - vendor/lib64/mt6895/libmtkcam_ipc_core.so
  - vendor/lib64/mt6895/libmtkcam_ipc_wrapper_common_client.so
  - vendor/lib64/mt6895/libmtkcam_ipc_wrapper_common_server.so
  - vendor/lib64/mt6895/libmtkcam_ipc_wrapper_mtk_client.so
  - vendor/lib64/mt6895/libmtkcam_ipc_wrapper_mtk_server.so
  - vendor/lib64/mt6895/libmtkcam_jsonconvertor.so
  - vendor/lib64/mt6895/libmtkcam_jsondata.so
  - vendor/lib64/mt6895/libmtkcam_mapping_mgr.so
  - vendor/lib64/mt6895/libmtkcam_metaconv.so
  - vendor/lib64/mt6895/libmtkcam_metadata.so
  - vendor/lib64/mt6895/libmtkcam_metastore.so
  - vendor/lib64/mt6895/libmtkcam_modulefactory_custom.so
  - vendor/lib64/mt6895/libmtkcam_modulefactory_utils.so
  - vendor/lib64/mt6895/libmtkcam_modulehelper.so
  - vendor/lib64/mt6895/libmtkcam_packutils.so
  - vendor/lib64/mt6895/libmtkcam_pipeline.so
  - vendor/lib64/mt6895/libmtkcam_pipeline_fbm.so
  - vendor/lib64/mt6895/libmtkcam_pipelinemodel_capture.so
  - vendor/lib64/mt6895/libmtkcam_pipelinemodel_session.so
  - vendor/lib64/mt6895/libmtkcam_pipelinemodel_utils.so
  - vendor/lib64/mt6895/libmtkcam_pipelinepolicy-security.so
  - vendor/lib64/mt6895/libmtkcam_pipelinepolicy-smvr.so
  - vendor/lib64/mt6895/libmtkcam_pipelinepolicy.so
  - vendor/lib64/mt6895/libmtkcam_pipelinepolicy_factory.so
  - vendor/lib64/mt6895/libmtkcam_pipemgr.so
  - vendor/lib64/mt6895/libmtkcam_postprocprovider.so
  - vendor/lib64/mt6895/libmtkcam_prerelease.so
  - vendor/lib64/mt6895/libmtkcam_proc.so
  - vendor/lib64/mt6895/libmtkcam_request_requlator.so
  - vendor/lib64/mt6895/libmtkcam_sensorcontrol.so
  - vendor/lib64/mt6895/libmtkcam_simager.so
  - vendor/lib64/mt6895/libmtkcam_stdutils.so
    + Fixed up vendor/lib64/mt6895/libmtkcam_stdutils.so
  - vendor/lib64/mt6895/libmtkcam_streamutils.so
  - vendor/lib64/mt6895/libmtkcam_synchelper.so
  - vendor/lib64/mt6895/libmtkcam_sysutils.so
  - vendor/lib64/mt6895/libmtkcam_thirdparty.core.so
  - vendor/lib64/mt6895/libmtkcam_thirdparty.customer.so
  - vendor/lib64/mt6895/libmtkcam_thirdparty.mtk.so
  - vendor/lib64/mt6895/libmtkcam_thirdparty.so
  - vendor/lib64/mt6895/libmtkcam_tuning_utils.so
  - vendor/lib64/mt6895/libmtkcam_ulog.so
  - vendor/lib64/mt6895/libmtkcm_ipc_dummy.so
  - vendor/lib64/mt6895/libpda_usdriver.so
  - vendor/lib64/mt6895/libstereoinfoaccessor_vsdof.so
  - vendor/lib64/mt6895/libvainr_model.so
  - vendor/lib64/mtk000_mipi_raw_IdxMgr.so
  - vendor/lib64/mtk000_mipi_raw_tuning.so
  - vendor/lib64/rubensgc02m1_mipi_raw_IdxMgr.so
  - vendor/lib64/rubensgc02m1_mipi_raw_tuning.so
  - vendor/lib64/rubensimx582_mipi_raw_2_IdxMgr.so
  - vendor/lib64/rubensimx582_mipi_raw_2_tuning.so
  - vendor/lib64/rubensimx582_mipi_raw_IdxMgr.so
  - vendor/lib64/rubensimx582_mipi_raw_tuning.so
  - vendor/lib64/rubensimx596_mipi_raw_IdxMgr.so
  - vendor/lib64/rubensimx596_mipi_raw_tuning.so
  - vendor/lib64/rubenss5k4h7_mipi_raw_IdxMgr.so
  - vendor/lib64/rubenss5k4h7_mipi_raw_tuning.so
  - vendor/lib64/vendor.mediatek.hardware.camera.atms@1.0.so
  - vendor/lib64/vendor.mediatek.hardware.camera.bgservice@1.0.so
  - vendor/lib64/vendor.mediatek.hardware.camera.bgservice@1.1.so
  - vendor/lib64/vendor.mediatek.hardware.camera.ccap@1.0.so
  - vendor/lib64/vendor.mediatek.hardware.camera.device@3.6.so
  - vendor/lib64/vendor.mediatek.hardware.camera.frhandler@1.0.so
  - vendor/lib64/vendor.mediatek.hardware.camera.isphal@1.0.so
  - vendor/lib64/vendor.mediatek.hardware.camera.isphal@1.1.so
  - vendor/lib64/vendor.mediatek.hardware.camera.postproc@1.0.so
  - vendor/lib64/vendor.mediatek.hardware.camera.security@1.0.so
  - vendor/lib64/vendor.mediatek.hardware.power@1.1.so
  - vendor/lib64/vendor.mediatek.hardware.power@2.0.so
Extracting 68 files in ./../../xiaomi/mt6895-common/proprietary-files-beanpod.txt from /media/invalidname/HGST/dumps/dumper/extract/system:
  - vendor/bin/fidoca_isee
  - vendor/bin/hw/android.hardware.security.keymint@1.0-service.beanpod
    + Fixed up vendor/bin/hw/android.hardware.security.keymint@1.0-service.beanpod
  - vendor/bin/hw/vendor.microtrust.hardware.se@1.0-service
  - vendor/bin/hw/vendor.microtrust.hardware.soter@1.0-service
  - vendor/bin/hw/vendor.microtrust.hardware.thh@2.0-service
  - vendor/bin/mlipayd_isee@1.1
  - vendor/bin/mtd_isee@1.3
  - vendor/bin/teei_daemon
  - vendor/etc/init/android.hardware.security.keymint-service.beanpod.rc
  - vendor/etc/init/microtrust.rc
  - vendor/etc/init/vendor.microtrust.hardware.se@1.0-service.rc
  - vendor/etc/init/vendor.microtrust.hardware.soter@1.0-service.rc
  - vendor/etc/init/vendor.microtrust.hardware.thh@2.0-service.rc
  - vendor/etc/init/vendor.xiaomi.hardware.mfidoca@1.0-iseeservice.rc
  - vendor/etc/init/vendor.xiaomi.hardware.mlipay@1.1-iseeservice.rc
  - vendor/etc/init/vendor.xiaomi.hardware.mtdservice@1.3-iseeservice.rc
  - vendor/lib64/hw/gatekeeper.beanpod.so
  - vendor/lib64/jcos_nq_client-v1.so
  - vendor/lib64/libTEECommon.so
  - vendor/lib64/libgz_gp_client.so
  - vendor/lib64/libgz_uree.so
  - vendor/lib64/libimsg_log.so
  - vendor/lib64/libmfido_isee.so
  - vendor/lib64/libmlipay_isee.so
  - vendor/lib64/libmlipay_isee@1.1.so
  - vendor/lib64/libmt_isee.so
  - vendor/lib64/libmt_isee@1.3.so
  - vendor/lib64/liboemcrypto.so
  - vendor/lib64/libteeclientjni_isee.so
  - vendor/lib64/libteeclientjni_isee@1.1.so
  - vendor/lib64/libteei_daemon_vfs.so
  - vendor/lib64/libthha.so
  - vendor/lib64/libthhclient.so
  - vendor/lib64/libtlcWidevineModularDrm.so
  - vendor/lib64/liburee_meta_drmkeyinstall.so
  - vendor/lib64/libwvkeybox.so
  - vendor/lib64/ls_nq_client-v1.so
  - vendor/lib64/mediadrm/libwvdrmengine.so
  - vendor/lib64/se_nq_extn_client-v1.so
  - vendor/lib64/secure_element-impl.so
  - vendor/lib64/vendor.microtrust.hardware.soter@1.0.so
  - vendor/lib64/vendor.microtrust.hardware.thh@2.0.so
  - vendor/lib64/wechat.beanpod.so
  - vendor/thh/ta/0102030405060708090a0b0c0d0e0f10.ta
  - vendor/thh/ta/020f0000000000000000000000000000.ta
  - vendor/thh/ta/06090000000000000000000000000000.ta
  - vendor/thh/ta/08010203000000000000000000000000.ta
  - vendor/thh/ta/08030000000000000000000000000000.ta
  - vendor/thh/ta/08110000000000000000000000000000.ta
  - vendor/thh/ta/14498ace2a8f11e880c8509a4c146f4c.ta
  - vendor/thh/ta/3d08821c33a611e6a1fa089e01c83aa2.ta
  - vendor/thh/ta/40188311faf343488db888ad39496f9a.ta
  - vendor/thh/ta/86f623f6a2994dfdb560ffd3e5a62c29.ta
  - vendor/thh/ta/8888c03fc30c4dd0a319ea29643d4d4b.ta
  - vendor/thh/ta/93feffccd8ca11e796c7c7a21acb4932.ta
  - vendor/thh/ta/c09c9c5daa504b78b0e46eda61556c3a.ta
  - vendor/thh/ta/c1882f2d885e4e13a8c8e2622461b2fa.ta
  - vendor/thh/ta/d78d338b1ac349e09f65f4efe179739d.ta
  - vendor/thh/ta/d91f322ad5a441d5955110eda3272fc0.ta
  - vendor/thh/ta/e5140b3376fa4c63ab18062caab2fb5c.ta
  - vendor/thh/ta/e97c270ea5c44c58bcd3384a2fa2539e.ta
  - vendor/thh/ta/fc32e4da17d342449b01c992d56d71bf.ta
  - vendor/thh/ta/isee_model.json
  - vendor/etc/vintf/manifest/android.hardware.security.keymint-service.beanpod.xml
  - vendor/etc/vintf/manifest/android.hardware.security.secureclock-service.beanpod.xml
  - vendor/etc/vintf/manifest/android.hardware.security.sharedsecret-service.beanpod.xml
  - vendor/etc/vintf/manifest/manifest.microtrust.xml
  - vendor/etc/vintf/manifest/manifest_wechat.xml
Cleaning firmware output directory (./../../xiaomi/mt6895-common/../../../vendor/xiaomi/rubens/radio)..
Extracting 20 files in ./../../xiaomi/mt6895-common/../../xiaomi/rubens/proprietary-firmware.txt from /media/invalidname/HGST/dumps/dumper/extract/system:
  - radio/apusys.img 
  - radio/audio_dsp.img 
  - radio/ccu.img 
  - radio/dpm.img 
  - radio/dtbo.img 
  - radio/gpueb.img 
  - radio/gz.img 
  - radio/lk.img 
  - radio/logo.img 
  - radio/mcf_ota.img 
  - radio/mcupm.img 
  - radio/md1img.img 
  - radio/mvpu_algo.img 
  - radio/pi_img.img 
  - radio/preloader_raw.img 
  - radio/scp.img 
  - radio/spmfw.img 
  - radio/sspm.img 
  - radio/tee.img 
  - radio/vcp.img 
